<?xml version="1.0" encoding="UTF-8"?>
<testsuite xmlns:xsi="http://www.w3.org/2001/XMLSchema-instance" xsi:noNamespaceSchemaLocation="https://maven.apache.org/surefire/maven-surefire-plugin/xsd/surefire-test-report-3.0.xsd" version="3.0" name="TestTriangle" time="0.147" tests="3" errors="0" skipped="0" failures="0">
  <properties>
[...]
</properties>
  <testcase name="zeroSideTest" classname="TestTriangle" time="0.035">
    <system-out><![CDATA[11:06:31.391 [main] INFO TestTriangle - Попытка создать треугольник с нулевой стороной
]]></system-out>
  </testcase>
  <testcase name="largeSideTest" classname="TestTriangle" time="0.003">
    <system-out><![CDATA[11:06:31.410 [main] INFO TestTriangle - Попытка создать треугольник с большой стороной
]]></system-out>
  </testcase>
  <testcase name="negativeSideTest" classname="TestTriangle" time="0.002">
    <system-out><![CDATA[11:06:31.414 [main] INFO TestTriangle - Попытка создать треугольник с отрицательной стороной
]]></system-out>
  </testcase>
</testsuite>